<root@AkuF6FMIEsQ/home/pip/dox/2du>agi steam
Reading package lists... Done
Building dependency tree       
Reading state information... Done
The following extra packages will be installed:
  libdrm-intel1:i386 libdrm-nouveau2:i386 libdrm-radeon1:i386 libdrm2:i386 libedit2:i386 libelf1:i386 libexpat1:i386 libffi6:i386 libgl1-mesa-dri:i386
  libgl1-mesa-glx:i386 libglapi-mesa:i386 libllvm3.6:i386 libpciaccess0:i386 libtxc-dxtn-s2tc0:i386 libudev1:i386 libx11-6:i386 libx11-xcb1:i386 libxau6:i386
  libxcb-dri2-0:i386 libxcb-dri3-0:i386 libxcb-glx0:i386 libxcb-present0:i386 libxcb-sync1:i386 libxcb1:i386 libxdamage1:i386 libxdmcp6:i386 libxext6:i386
  libxfixes3:i386 libxinerama1:i386 libxshmfence1:i386 libxxf86vm1:i386
The following NEW packages will be installed:
  libdrm-intel1:i386 libdrm-nouveau2:i386 libdrm-radeon1:i386 libdrm2:i386 libedit2:i386 libelf1:i386 libexpat1:i386 libffi6:i386 libgl1-mesa-dri:i386
  libgl1-mesa-glx:i386 libglapi-mesa:i386 libllvm3.6:i386 libpciaccess0:i386 libtxc-dxtn-s2tc0:i386 libudev1:i386 libx11-6:i386 libx11-xcb1:i386 libxau6:i386
  libxcb-dri2-0:i386 libxcb-dri3-0:i386 libxcb-glx0:i386 libxcb-present0:i386 libxcb-sync1:i386 libxcb1:i386 libxdamage1:i386 libxdmcp6:i386 libxext6:i386
  libxfixes3:i386 libxinerama1:i386 libxshmfence1:i386 libxxf86vm1:i386 steam:i386
0 upgraded, 32 newly installed, 0 to remove and 3 not upgraded.
Need to get 15.0 MB of archives.
After this operation, 60.0 MB of additional disk space will be used.
Do you want to continue? [Y/n] n
Abort.
<root@AkuF6FMIFRu/home/pip/dox/2du>x
[pip@AkuF6FMIFUK~/dox/2du]
